TN:
SF:src\components\ProductCard.tsx
FN:17,formatClp
FN:24,ProductCard
FN:34,handleAddToCart
FN:41,renderRating
FN:61,onError
FNF:5
FNH:4
FNDA:4,formatClp
FNDA:4,ProductCard
FNDA:1,handleAddToCart
FNDA:4,renderRating
FNDA:0,onError
DA:1,1
DA:3,1
DA:4,1
DA:5,1
DA:7,1
DA:8,1
DA:10,1
DA:11,1
DA:12,1
DA:13,1
DA:14,1
DA:15,1
DA:17,1
DA:24,1
DA:25,4
DA:27,4
DA:29,4
DA:31,4
DA:32,4
DA:34,4
DA:35,1
DA:36,1
DA:37,1
DA:38,1
DA:39,1
DA:41,4
DA:42,4
DA:43,4
DA:44,4
DA:45,4
DA:46,4
DA:47,4
DA:48,4
DA:49,4
DA:52,4
DA:54,4
DA:55,4
DA:56,4
DA:57,4
DA:58,4
DA:59,4
DA:60,4
DA:61,4
DA:62,4
DA:66,4
DA:67,4
DA:68,4
DA:69,4
DA:73,4
DA:75,4
DA:76,4
DA:79,4
DA:80,4
DA:81,4
DA:82,4
DA:83,4
DA:84,4
DA:86,4
DA:87,4
DA:88,1
DA:89,3
DA:94,4
DA:96,1
LF:63
LH:63
BRDA:17,0,0,4
BRDA:24,1,0,4
BRDA:59,2,0,0
BRDA:84,3,0,3
BRDA:87,4,0,1
BRDA:88,5,0,3
BRDA:89,6,0,1
BRDA:89,7,0,2
BRDA:32,8,0,1
BRDA:34,9,0,1
BRDA:41,10,0,4
BRDA:44,11,0,16
BRF:12
BRH:11
end_of_record
TN:
SF:src\context\CartContext.tsx
FN:34,CartProvider
FN:124,useCart
FNF:2
FNH:0
FNDA:0,CartProvider
FNDA:0,useCart
DA:1,1
DA:3,1
DA:26,1
DA:27,1
DA:34,1
DA:35,0
DA:36,0
DA:37,0
DA:38,0
DA:39,0
DA:41,0
DA:42,0
DA:43,0
DA:44,0
DA:47,0
DA:48,0
DA:49,0
DA:50,0
DA:52,0
DA:54,0
DA:55,0
DA:56,0
DA:58,0
DA:59,0
DA:60,0
DA:61,0
DA:62,0
DA:63,0
DA:65,0
DA:66,0
DA:67,0
DA:68,0
DA:69,0
DA:70,0
DA:71,0
DA:72,0
DA:73,0
DA:74,0
DA:75,0
DA:76,0
DA:77,0
DA:78,0
DA:80,0
DA:81,0
DA:82,0
DA:84,0
DA:85,0
DA:86,0
DA:87,0
DA:88,0
DA:89,0
DA:92,0
DA:94,0
DA:95,0
DA:96,0
DA:97,0
DA:98,0
DA:100,0
DA:102,0
DA:104,0
DA:105,0
DA:106,0
DA:109,0
DA:110,0
DA:111,0
DA:112,0
DA:113,0
DA:114,0
DA:115,0
DA:116,0
DA:117,0
DA:118,0
DA:120,0
DA:121,0
DA:123,1
DA:124,1
DA:125,0
DA:126,0
DA:127,0
DA:128,0
DA:129,0
DA:130,0
LF:82
LH:7
BRF:0
BRH:0
end_of_record
